d:\multi-thread\multi-thread\multi-thread\development\graphicslab.pch
d:\multi-thread\multi-thread\multi-thread\development\vc141.pdb
d:\multi-thread\multi-thread\multi-thread\development\vc141.idb
d:\multi-thread\multi-thread\multi-thread\development\stdafx.obj
d:\multi-thread\multi-thread\multi-thread\development\world.obj
d:\multi-thread\multi-thread\multi-thread\development\widgetpanel.obj
d:\multi-thread\multi-thread\multi-thread\development\widgetcontrolbutton.obj
d:\multi-thread\multi-thread\multi-thread\development\widgetcontrolbase.obj
d:\multi-thread\multi-thread\multi-thread\development\widgetbase.obj
d:\multi-thread\multi-thread\multi-thread\development\uitransform.obj
d:\multi-thread\multi-thread\multi-thread\development\uisystem.obj
d:\multi-thread\multi-thread\multi-thread\development\uiimagerender.obj
d:\multi-thread\multi-thread\multi-thread\development\uirectbatchrender.obj
d:\multi-thread\multi-thread\multi-thread\development\mainframe.obj
d:\multi-thread\multi-thread\multi-thread\development\transform.obj
d:\multi-thread\multi-thread\multi-thread\development\staticmeshrenderdata.obj
d:\multi-thread\multi-thread\multi-thread\development\shadermanager.obj
d:\multi-thread\multi-thread\multi-thread\development\mathutil.obj
d:\multi-thread\multi-thread\multi-thread\development\main.obj
d:\multi-thread\multi-thread\multi-thread\development\jobsystem.obj
d:\multi-thread\multi-thread\multi-thread\development\graphsystem.obj
d:\multi-thread\multi-thread\multi-thread\development\fullscreenrenderdata.obj
d:\multi-thread\multi-thread\multi-thread\development\criticalsection.obj
d:\multi-thread\multi-thread\multi-thread\development\camera.obj
d:\multi-thread\multi-thread\multi-thread\development\gametimer.obj
d:\multi-thread\multi-thread\multi-thread\development\framepersecond.obj
d:\multi-thread\multi-thread\multi-thread\graphicslab.ipdb
d:\multi-thread\multi-thread\multi-thread\graphicslab.iobj
d:\multi-thread\multi-thread\multi-thread\graphicslab.exe
d:\multi-thread\multi-thread\multi-thread\graphicslab.ilk
d:\multi-thread\multi-thread\multi-thread\graphicslab.pdb
d:\multi-thread\multi-thread\multi-thread\development\multi-thread.res
d:\multi-thread\multi-thread\\multi-thread\graphicslab.pdb
d:\multi-thread\multi-thread\\multi-thread\graphicslab.exe
d:\multi-thread\multi-thread\\multi-thread\graphicslab.ilk
d:\multi-thread\multi-thread\multi-thread\development\graphicslab.tlog\cl.command.1.tlog
d:\multi-thread\multi-thread\multi-thread\development\graphicslab.tlog\cl.read.1.tlog
d:\multi-thread\multi-thread\multi-thread\development\graphicslab.tlog\cl.write.1.tlog
d:\multi-thread\multi-thread\multi-thread\development\graphicslab.tlog\graphicslab.write.1u.tlog
d:\multi-thread\multi-thread\multi-thread\development\graphicslab.tlog\link.command.1.tlog
d:\multi-thread\multi-thread\multi-thread\development\graphicslab.tlog\link.read.1.tlog
d:\multi-thread\multi-thread\multi-thread\development\graphicslab.tlog\link.write.1.tlog
d:\multi-thread\multi-thread\multi-thread\development\graphicslab.tlog\rc.command.1.tlog
d:\multi-thread\multi-thread\multi-thread\development\graphicslab.tlog\rc.read.1.tlog
d:\multi-thread\multi-thread\multi-thread\development\graphicslab.tlog\rc.write.1.tlog
