d:\multi-thread\multi-thread\multi-thread\debug\vc141.pdb
d:\multi-thread\multi-thread\multi-thread\debug\vc141.idb
d:\multi-thread\multi-thread\multi-thread\debug\world.obj
d:\multi-thread\multi-thread\multi-thread\debug\widgetpanel.obj
d:\multi-thread\multi-thread\multi-thread\debug\widgetcontrolbutton.obj
d:\multi-thread\multi-thread\multi-thread\debug\widgetcontrolbase.obj
d:\multi-thread\multi-thread\multi-thread\debug\widgetbase.obj
d:\multi-thread\multi-thread\multi-thread\debug\uitransform.obj
d:\multi-thread\multi-thread\multi-thread\debug\uisystem.obj
d:\multi-thread\multi-thread\multi-thread\debug\uiimagerender.obj
d:\multi-thread\multi-thread\multi-thread\debug\uirectbatchrender.obj
d:\multi-thread\multi-thread\multi-thread\debug\mainframe.obj
d:\multi-thread\multi-thread\multi-thread\debug\transform.obj
d:\multi-thread\multi-thread\multi-thread\debug\staticmeshrenderdata.obj
d:\multi-thread\multi-thread\multi-thread\debug\shadermanager.obj
d:\multi-thread\multi-thread\multi-thread\debug\mathutil.obj
d:\multi-thread\multi-thread\multi-thread\debug\main.obj
d:\multi-thread\multi-thread\multi-thread\debug\jobsystem.obj
d:\multi-thread\multi-thread\multi-thread\debug\graphsystem.obj
d:\multi-thread\multi-thread\multi-thread\debug\fullscreenrenderdata.obj
d:\multi-thread\multi-thread\multi-thread\debug\camera.obj
d:\multi-thread\multi-thread\multi-thread\debug\criticalsection.obj
d:\multi-thread\multi-thread\multi-thread\debug\gametimer.obj
d:\multi-thread\multi-thread\multi-thread\debug\framepersecond.obj
d:\multi-thread\multi-thread\multi-thread\debug\graphicslab.pch
d:\multi-thread\multi-thread\multi-thread\debug\stdafx.obj
d:\multi-thread\multi-thread\multi-thread\graphicslab.exe
d:\multi-thread\multi-thread\multi-thread\graphicslab.ilk
d:\multi-thread\multi-thread\multi-thread\graphicslab.pdb
d:\multi-thread\multi-thread\multi-thread\debug\multi-thread.res
d:\multi-thread\multi-thread\\multi-thread\graphicslab.pdb
d:\multi-thread\multi-thread\\multi-thread\graphicslab.exe
d:\multi-thread\multi-thread\\multi-thread\graphicslab.ilk
d:\multi-thread\multi-thread\multi-thread\debug\graphicslab.tlog\cl.command.1.tlog
d:\multi-thread\multi-thread\multi-thread\debug\graphicslab.tlog\cl.read.1.tlog
d:\multi-thread\multi-thread\multi-thread\debug\graphicslab.tlog\cl.write.1.tlog
d:\multi-thread\multi-thread\multi-thread\debug\graphicslab.tlog\graphicslab.write.1u.tlog
d:\multi-thread\multi-thread\multi-thread\debug\graphicslab.tlog\link.command.1.tlog
d:\multi-thread\multi-thread\multi-thread\debug\graphicslab.tlog\link.delete.1.tlog
d:\multi-thread\multi-thread\multi-thread\debug\graphicslab.tlog\link.read.1.tlog
d:\multi-thread\multi-thread\multi-thread\debug\graphicslab.tlog\link.write.1.tlog
d:\multi-thread\multi-thread\multi-thread\debug\graphicslab.tlog\rc.command.1.tlog
d:\multi-thread\multi-thread\multi-thread\debug\graphicslab.tlog\rc.read.1.tlog
d:\multi-thread\multi-thread\multi-thread\debug\graphicslab.tlog\rc.write.1.tlog
