C:\Program Files (x86)\Microsoft Visual Studio\2017\Community\Common7\IDE\VC\VCTargets\Microsoft.CppBuild.targets(391,5): warning MSB8028: The intermediate directory (Debug\) contains files shared from another project (Multi-Thread.vcxproj).  This can lead to incorrect clean and rebuild behavior.
  GraphSystem.cpp
d:\program files (x86)\microsoft directx sdk (june 2010)\include\dxgitype.h(12): warning C4005: 'DXGI_STATUS_OCCLUDED': macro redefinition
  d:\windows kits\10\include\10.0.17134.0\shared\winerror.h(54723): note: see previous definition of 'DXGI_STATUS_OCCLUDED'
d:\program files (x86)\microsoft directx sdk (june 2010)\include\dxgitype.h(13): warning C4005: 'DXGI_STATUS_CLIPPED': macro redefinition
  d:\windows kits\10\include\10.0.17134.0\shared\winerror.h(54732): note: see previous definition of 'DXGI_STATUS_CLIPPED'
d:\program files (x86)\microsoft directx sdk (june 2010)\include\dxgitype.h(14): warning C4005: 'DXGI_STATUS_NO_REDIRECTION': macro redefinition
  d:\windows kits\10\include\10.0.17134.0\shared\winerror.h(54741): note: see previous definition of 'DXGI_STATUS_NO_REDIRECTION'
d:\program files (x86)\microsoft directx sdk (june 2010)\include\dxgitype.h(15): warning C4005: 'DXGI_STATUS_NO_DESKTOP_ACCESS': macro redefinition
  d:\windows kits\10\include\10.0.17134.0\shared\winerror.h(54750): note: see previous definition of 'DXGI_STATUS_NO_DESKTOP_ACCESS'
d:\program files (x86)\microsoft directx sdk (june 2010)\include\dxgitype.h(16): warning C4005: 'DXGI_STATUS_GRAPHICS_VIDPN_SOURCE_IN_USE': macro redefinition
  d:\windows kits\10\include\10.0.17134.0\shared\winerror.h(54759): note: see previous definition of 'DXGI_STATUS_GRAPHICS_VIDPN_SOURCE_IN_USE'
d:\program files (x86)\microsoft directx sdk (june 2010)\include\dxgitype.h(17): warning C4005: 'DXGI_STATUS_MODE_CHANGED': macro redefinition
  d:\windows kits\10\include\10.0.17134.0\shared\winerror.h(54768): note: see previous definition of 'DXGI_STATUS_MODE_CHANGED'
d:\program files (x86)\microsoft directx sdk (june 2010)\include\dxgitype.h(18): warning C4005: 'DXGI_STATUS_MODE_CHANGE_IN_PROGRESS': macro redefinition
  d:\windows kits\10\include\10.0.17134.0\shared\winerror.h(54777): note: see previous definition of 'DXGI_STATUS_MODE_CHANGE_IN_PROGRESS'
d:\program files (x86)\microsoft directx sdk (june 2010)\include\dxgitype.h(21): warning C4005: 'DXGI_ERROR_INVALID_CALL': macro redefinition
  d:\windows kits\10\include\10.0.17134.0\shared\winerror.h(54792): note: see previous definition of 'DXGI_ERROR_INVALID_CALL'
d:\program files (x86)\microsoft directx sdk (june 2010)\include\dxgitype.h(22): warning C4005: 'DXGI_ERROR_NOT_FOUND': macro redefinition
  d:\windows kits\10\include\10.0.17134.0\shared\winerror.h(54801): note: see previous definition of 'DXGI_ERROR_NOT_FOUND'
d:\program files (x86)\microsoft directx sdk (june 2010)\include\dxgitype.h(23): warning C4005: 'DXGI_ERROR_MORE_DATA': macro redefinition
  d:\windows kits\10\include\10.0.17134.0\shared\winerror.h(54810): note: see previous definition of 'DXGI_ERROR_MORE_DATA'
d:\program files (x86)\microsoft directx sdk (june 2010)\include\dxgitype.h(24): warning C4005: 'DXGI_ERROR_UNSUPPORTED': macro redefinition
  d:\windows kits\10\include\10.0.17134.0\shared\winerror.h(54819): note: see previous definition of 'DXGI_ERROR_UNSUPPORTED'
d:\program files (x86)\microsoft directx sdk (june 2010)\include\dxgitype.h(25): warning C4005: 'DXGI_ERROR_DEVICE_REMOVED': macro redefinition
  d:\windows kits\10\include\10.0.17134.0\shared\winerror.h(54828): note: see previous definition of 'DXGI_ERROR_DEVICE_REMOVED'
d:\program files (x86)\microsoft directx sdk (june 2010)\include\dxgitype.h(26): warning C4005: 'DXGI_ERROR_DEVICE_HUNG': macro redefinition
  d:\windows kits\10\include\10.0.17134.0\shared\winerror.h(54837): note: see previous definition of 'DXGI_ERROR_DEVICE_HUNG'
d:\program files (x86)\microsoft directx sdk (june 2010)\include\dxgitype.h(27): warning C4005: 'DXGI_ERROR_DEVICE_RESET': macro redefinition
  d:\windows kits\10\include\10.0.17134.0\shared\winerror.h(54847): note: see previous definition of 'DXGI_ERROR_DEVICE_RESET'
d:\program files (x86)\microsoft directx sdk (june 2010)\include\dxgitype.h(28): warning C4005: 'DXGI_ERROR_WAS_STILL_DRAWING': macro redefinition
  d:\windows kits\10\include\10.0.17134.0\shared\winerror.h(54856): note: see previous definition of 'DXGI_ERROR_WAS_STILL_DRAWING'
d:\program files (x86)\microsoft directx sdk (june 2010)\include\dxgitype.h(29): warning C4005: 'DXGI_ERROR_FRAME_STATISTICS_DISJOINT': macro redefinition
  d:\windows kits\10\include\10.0.17134.0\shared\winerror.h(54866): note: see previous definition of 'DXGI_ERROR_FRAME_STATISTICS_DISJOINT'
d:\program files (x86)\microsoft directx sdk (june 2010)\include\dxgitype.h(30): warning C4005: 'DXGI_ERROR_GRAPHICS_VIDPN_SOURCE_IN_USE': macro redefinition
  d:\windows kits\10\include\10.0.17134.0\shared\winerror.h(54875): note: see previous definition of 'DXGI_ERROR_GRAPHICS_VIDPN_SOURCE_IN_USE'
d:\program files (x86)\microsoft directx sdk (june 2010)\include\dxgitype.h(31): warning C4005: 'DXGI_ERROR_DRIVER_INTERNAL_ERROR': macro redefinition
  d:\windows kits\10\include\10.0.17134.0\shared\winerror.h(54885): note: see previous definition of 'DXGI_ERROR_DRIVER_INTERNAL_ERROR'
d:\program files (x86)\microsoft directx sdk (june 2010)\include\dxgitype.h(32): warning C4005: 'DXGI_ERROR_NONEXCLUSIVE': macro redefinition
  d:\windows kits\10\include\10.0.17134.0\shared\winerror.h(54894): note: see previous definition of 'DXGI_ERROR_NONEXCLUSIVE'
d:\program files (x86)\microsoft directx sdk (june 2010)\include\dxgitype.h(33): warning C4005: 'DXGI_ERROR_NOT_CURRENTLY_AVAILABLE': macro redefinition
  d:\windows kits\10\include\10.0.17134.0\shared\winerror.h(54903): note: see previous definition of 'DXGI_ERROR_NOT_CURRENTLY_AVAILABLE'
d:\program files (x86)\microsoft directx sdk (june 2010)\include\dxgitype.h(34): warning C4005: 'DXGI_ERROR_REMOTE_CLIENT_DISCONNECTED': macro redefinition
  d:\windows kits\10\include\10.0.17134.0\shared\winerror.h(54913): note: see previous definition of 'DXGI_ERROR_REMOTE_CLIENT_DISCONNECTED'
d:\program files (x86)\microsoft directx sdk (june 2010)\include\dxgitype.h(35): warning C4005: 'DXGI_ERROR_REMOTE_OUTOFMEMORY': macro redefinition
  d:\windows kits\10\include\10.0.17134.0\shared\winerror.h(54922): note: see previous definition of 'DXGI_ERROR_REMOTE_OUTOFMEMORY'
d:\program files (x86)\microsoft directx sdk (june 2010)\include\d3d11.h(917): warning C4005: 'D3D11_ERROR_TOO_MANY_UNIQUE_STATE_OBJECTS': macro redefinition
  d:\windows kits\10\include\10.0.17134.0\shared\winerror.h(55186): note: see previous definition of 'D3D11_ERROR_TOO_MANY_UNIQUE_STATE_OBJECTS'
d:\program files (x86)\microsoft directx sdk (june 2010)\include\d3d11.h(918): warning C4005: 'D3D11_ERROR_FILE_NOT_FOUND': macro redefinition
  d:\windows kits\10\include\10.0.17134.0\shared\winerror.h(55195): note: see previous definition of 'D3D11_ERROR_FILE_NOT_FOUND'
d:\program files (x86)\microsoft directx sdk (june 2010)\include\d3d11.h(919): warning C4005: 'D3D11_ERROR_TOO_MANY_UNIQUE_VIEW_OBJECTS': macro redefinition
  d:\windows kits\10\include\10.0.17134.0\shared\winerror.h(55205): note: see previous definition of 'D3D11_ERROR_TOO_MANY_UNIQUE_VIEW_OBJECTS'
d:\program files (x86)\microsoft directx sdk (june 2010)\include\d3d11.h(920): warning C4005: 'D3D11_ERROR_DEFERRED_CONTEXT_MAP_WITHOUT_INITIAL_DISCARD': macro redefinition
  d:\windows kits\10\include\10.0.17134.0\shared\winerror.h(55214): note: see previous definition of 'D3D11_ERROR_DEFERRED_CONTEXT_MAP_WITHOUT_INITIAL_DISCARD'
d:\program files (x86)\microsoft directx sdk (june 2010)\include\d3d10.h(608): warning C4005: 'D3D10_ERROR_TOO_MANY_UNIQUE_STATE_OBJECTS': macro redefinition
  d:\windows kits\10\include\10.0.17134.0\shared\winerror.h(55162): note: see previous definition of 'D3D10_ERROR_TOO_MANY_UNIQUE_STATE_OBJECTS'
d:\program files (x86)\microsoft directx sdk (june 2010)\include\d3d10.h(609): warning C4005: 'D3D10_ERROR_FILE_NOT_FOUND': macro redefinition
  d:\windows kits\10\include\10.0.17134.0\shared\winerror.h(55171): note: see previous definition of 'D3D10_ERROR_FILE_NOT_FOUND'
d:\program files (x86)\microsoft directx sdk (june 2010)\include\xnamath.h(2662): warning C4838: conversion from 'unsigned int' to 'INT' requires a narrowing conversion
d:\program files (x86)\microsoft directx sdk (june 2010)\include\xnamath.h(2663): warning C4838: conversion from 'unsigned int' to 'INT' requires a narrowing conversion
d:\program files (x86)\microsoft directx sdk (june 2010)\include\xnamath.h(2664): warning C4838: conversion from 'unsigned int' to 'INT' requires a narrowing conversion
d:\program files (x86)\microsoft directx sdk (june 2010)\include\xnamath.h(2665): warning C4838: conversion from 'unsigned int' to 'INT' requires a narrowing conversion
d:\program files (x86)\microsoft directx sdk (june 2010)\include\xnamath.h(2666): warning C4838: conversion from 'unsigned int' to 'INT' requires a narrowing conversion
d:\program files (x86)\microsoft directx sdk (june 2010)\include\xnamath.h(2667): warning C4838: conversion from 'unsigned int' to 'INT' requires a narrowing conversion
d:\program files (x86)\microsoft directx sdk (june 2010)\include\xnamath.h(2668): warning C4838: conversion from 'unsigned int' to 'INT' requires a narrowing conversion
d:\program files (x86)\microsoft directx sdk (june 2010)\include\xnamath.h(2689): warning C4838: conversion from 'unsigned int' to 'INT' requires a narrowing conversion
d:\program files (x86)\microsoft directx sdk (june 2010)\include\xnamath.h(2690): warning C4838: conversion from 'unsigned int' to 'INT' requires a narrowing conversion
d:\program files (x86)\microsoft directx sdk (june 2010)\include\xnamath.h(2691): warning C4838: conversion from 'unsigned int' to 'INT' requires a narrowing conversion
d:\program files (x86)\microsoft directx sdk (june 2010)\include\xnamath.h(2694): warning C4838: conversion from 'unsigned int' to 'INT' requires a narrowing conversion
d:\program files (x86)\microsoft directx sdk (june 2010)\include\xnamath.h(2695): warning C4838: conversion from 'unsigned int' to 'INT' requires a narrowing conversion
d:\program files (x86)\microsoft directx sdk (june 2010)\include\xnamath.h(2698): warning C4838: conversion from 'unsigned int' to 'INT' requires a narrowing conversion
d:\program files (x86)\microsoft directx sdk (june 2010)\include\xnamath.h(2702): warning C4838: conversion from 'unsigned int' to 'INT' requires a narrowing conversion
d:\program files (x86)\microsoft directx sdk (june 2010)\include\xnamath.h(2712): warning C4838: conversion from 'unsigned int' to 'INT' requires a narrowing conversion
d:\program files (x86)\microsoft directx sdk (june 2010)\include\xnamath.h(2713): warning C4838: conversion from 'unsigned int' to 'INT' requires a narrowing conversion
d:\program files (x86)\microsoft directx sdk (june 2010)\include\xnamath.h(2715): warning C4838: conversion from 'unsigned int' to 'INT' requires a narrowing conversion
d:\program files (x86)\microsoft directx sdk (june 2010)\include\xnamath.h(2716): warning C4838: conversion from 'unsigned int' to 'INT' requires a narrowing conversion
d:\program files (x86)\microsoft directx sdk (june 2010)\include\xnamath.h(2717): warning C4838: conversion from 'unsigned int' to 'INT' requires a narrowing conversion
d:\program files (x86)\microsoft directx sdk (june 2010)\include\xnamath.h(2727): warning C4838: conversion from 'unsigned int' to 'INT' requires a narrowing conversion
d:\program files (x86)\microsoft directx sdk (june 2010)\include\xnamath.h(2728): warning C4838: conversion from 'unsigned int' to 'INT' requires a narrowing conversion
d:\program files (x86)\microsoft directx sdk (june 2010)\include\xnamath.h(2729): warning C4838: conversion from 'unsigned int' to 'INT' requires a narrowing conversion
d:\program files (x86)\microsoft directx sdk (june 2010)\include\xnamath.h(2730): warning C4838: conversion from 'unsigned int' to 'INT' requires a narrowing conversion
d:\program files (x86)\microsoft directx sdk (june 2010)\include\xnamath.h(2731): warning C4838: conversion from 'unsigned int' to 'INT' requires a narrowing conversion
d:\program files (x86)\microsoft directx sdk (june 2010)\include\xnamath.h(2732): warning C4838: conversion from 'unsigned int' to 'INT' requires a narrowing conversion
d:\program files (x86)\microsoft directx sdk (june 2010)\include\xnamath.h(2742): warning C4838: conversion from 'unsigned int' to 'INT' requires a narrowing conversion
d:\program files (x86)\microsoft directx sdk (june 2010)\include\xnamath.h(2743): warning C4838: conversion from 'unsigned int' to 'INT' requires a narrowing conversion
d:\program files (x86)\microsoft directx sdk (june 2010)\include\xnamath.h(2754): warning C4838: conversion from 'unsigned int' to 'INT' requires a narrowing conversion
d:\program files (x86)\microsoft directx sdk (june 2010)\include\xnamathconvert.inl(2254): warning C4838: conversion from 'unsigned int' to 'INT' requires a narrowing conversion
d:\program files (x86)\microsoft directx sdk (june 2010)\include\xnamathconvert.inl(4523): warning C4838: conversion from 'unsigned int' to 'INT' requires a narrowing conversion
d:\program files (x86)\microsoft directx sdk (june 2010)\include\xnamathconvert.inl(4577): warning C4838: conversion from 'unsigned int' to 'INT' requires a narrowing conversion
d:\program files (x86)\microsoft directx sdk (june 2010)\include\xnamathconvert.inl(4639): warning C4838: conversion from 'unsigned int' to 'INT' requires a narrowing conversion
d:\program files (x86)\microsoft directx sdk (june 2010)\include\xnamathconvert.inl(4707): warning C4838: conversion from 'unsigned int' to 'INT' requires a narrowing conversion
d:\program files (x86)\microsoft directx sdk (june 2010)\include\xnamathconvert.inl(4770): warning C4838: conversion from 'unsigned int' to 'INT' requires a narrowing conversion
d:\program files (x86)\microsoft directx sdk (june 2010)\include\xnamathconvert.inl(4832): warning C4838: conversion from 'unsigned int' to 'INT' requires a narrowing conversion
d:\program files (x86)\microsoft directx sdk (june 2010)\include\xnamathvector.inl(1269): warning C4838: conversion from 'unsigned int' to 'INT' requires a narrowing conversion
d:\program files (x86)\microsoft directx sdk (june 2010)\include\xnamathmisc.inl(518): warning C4838: conversion from 'unsigned int' to 'INT' requires a narrowing conversion
d:\program files (x86)\microsoft directx sdk (june 2010)\include\xnamathmisc.inl(519): warning C4838: conversion from 'unsigned int' to 'INT' requires a narrowing conversion
  Multi-Thread.vcxproj -> D:\Multi-Thread\Multi-Thread\Debug\GraphicsLab.exe
