d:\multi-thread\multi-thread\multi-thread\debug\multi-thread.pch
d:\multi-thread\multi-thread\multi-thread\debug\vc141.pdb
d:\multi-thread\multi-thread\multi-thread\debug\vc141.idb
d:\multi-thread\multi-thread\multi-thread\debug\stdafx.obj
d:\multi-thread\multi-thread\multi-thread\debug\multi-thread.obj
d:\multi-thread\multi-thread\multi-thread\debug\jobsystem.obj
d:\multi-thread\multi-thread\debug\multi-thread.exe
d:\multi-thread\multi-thread\debug\multi-thread.ilk
d:\multi-thread\multi-thread\debug\multi-thread.pdb
d:\multi-thread\multi-thread\multi-thread\debug\multi-thread.res
d:\multi-thread\multi-thread\multi-thread\debug\multi-thread.obj.enc
d:\multi-thread\multi-thread\multi-thread\debug\multi-thread.tlog\cl.command.1.tlog
d:\multi-thread\multi-thread\multi-thread\debug\multi-thread.tlog\cl.read.1.tlog
d:\multi-thread\multi-thread\multi-thread\debug\multi-thread.tlog\cl.write.1.tlog
d:\multi-thread\multi-thread\multi-thread\debug\multi-thread.tlog\link.command.1.tlog
d:\multi-thread\multi-thread\multi-thread\debug\multi-thread.tlog\link.read.1.tlog
d:\multi-thread\multi-thread\multi-thread\debug\multi-thread.tlog\link.write.1.tlog
d:\multi-thread\multi-thread\multi-thread\debug\multi-thread.tlog\rc.command.1.tlog
d:\multi-thread\multi-thread\multi-thread\debug\multi-thread.tlog\rc.read.1.tlog
d:\multi-thread\multi-thread\multi-thread\debug\multi-thread.tlog\rc.write.1.tlog
